# JRE version: OpenJDK Runtime Environment (8.0_242-b01) (build 1.8.0_242-release-1644-b01)
# Java VM: OpenJDK 64-Bit Server VM (25.242-b01 mixed mode windows-amd64 compressed oops)
Heap:
 PSYoungGen      total 488448K, used 101605K [0x00000000d5580000, 0x00000000f6380000, 0x0000000100000000)
  eden space 461824K, 17% used [0x00000000d5580000,0x00000000da4400a0,0x00000000f1880000)
  from space 26624K, 78% used [0x00000000f4980000,0x00000000f5df9548,0x00000000f6380000)
  to   space 38400K, 0% used [0x00000000f1880000,0x00000000f1880000,0x00000000f3e00000)
 ParOldGen       total 263168K, used 59240K [0x0000000080000000, 0x0000000090100000, 0x00000000d5580000)
  object space 263168K, 22% used [0x0000000080000000,0x00000000839da278,0x0000000090100000)
 Metaspace       used 96824K, capacity 102942K, committed 103064K, reserved 1138688K
  class space    used 12444K, capacity 13455K, committed 13488K, reserved 1048576K
GC Heap History (10 events):
Event: 1705.664 GC heap before
{Heap before GC invocations=22 (full 4):
 PSYoungGen      total 308736K, used 267245K [0x00000000d5580000, 0x00000000eef80000, 0x0000000100000000)
  eden space 267264K, 99% used [0x00000000d5580000,0x00000000e5a7b688,0x00000000e5a80000)
  from space 41472K, 0% used [0x00000000e5a80000,0x00000000e5a80000,0x00000000e8300000)
  to   space 41984K, 0% used [0x00000000ec680000,0x00000000ec680000,0x00000000eef80000)
 ParOldGen       total 263168K, used 58538K [0x0000000080000000, 0x0000000090100000, 0x00000000d5580000)
  object space 263168K, 22% used [0x0000000080000000,0x000000008392a938,0x0000000090100000)
 Metaspace       used 93063K, capacity 98142K, committed 99096K, reserved 1134592K
  class space    used 12196K, capacity 13119K, committed 13360K, reserved 1048576K
Event: 1705.674 GC heap after
Heap after GC invocations=22 (full 4):
 PSYoungGen      total 376832K, used 8590K [0x00000000d5580000, 0x00000000eee80000, 0x0000000100000000)
  eden space 335872K, 0% used [0x00000000d5580000,0x00000000d5580000,0x00000000e9d80000)
  from space 40960K, 20% used [0x00000000ec680000,0x00000000ecee3a28,0x00000000eee80000)
  to   space 41472K, 0% used [0x00000000e9d80000,0x00000000e9d80000,0x00000000ec600000)
 ParOldGen       total 263168K, used 58546K [0x0000000080000000, 0x0000000090100000, 0x00000000d5580000)
  object space 263168K, 22% used [0x0000000080000000,0x000000008392c938,0x0000000090100000)
 Metaspace       used 93063K, capacity 98142K, committed 99096K, reserved 1134592K
  class space    used 12196K, capacity 13119K, committed 13360K, reserved 1048576K
}
Event: 1768.211 GC heap before
{Heap before GC invocations=23 (full 4):
 PSYoungGen      total 376832K, used 344462K [0x00000000d5580000, 0x00000000eee80000, 0x0000000100000000)
  eden space 335872K, 100% used [0x00000000d5580000,0x00000000e9d80000,0x00000000e9d80000)
  from space 40960K, 20% used [0x00000000ec680000,0x00000000ecee3a28,0x00000000eee80000)
  to   space 41472K, 0% used [0x00000000e9d80000,0x00000000e9d80000,0x00000000ec600000)
 ParOldGen       total 263168K, used 58546K [0x0000000080000000, 0x0000000090100000, 0x00000000d5580000)
  object space 263168K, 22% used [0x0000000080000000,0x000000008392c938,0x0000000090100000)
 Metaspace       used 95324K, capacity 101092K, committed 101144K, reserved 1136640K
  class space    used 12376K, capacity 13360K, committed 13360K, reserved 1048576K
Event: 1768.230 GC heap after
Heap after GC invocations=23 (full 4):
 PSYoungGen      total 377344K, used 22554K [0x00000000d5580000, 0x00000000f3780000, 0x0000000100000000)
  eden space 335872K, 0% used [0x00000000d5580000,0x00000000d5580000,0x00000000e9d80000)
  from space 41472K, 54% used [0x00000000e9d80000,0x00000000eb386b28,0x00000000ec600000)
  to   space 40448K, 0% used [0x00000000f1000000,0x00000000f1000000,0x00000000f3780000)
 ParOldGen       total 263168K, used 58554K [0x0000000080000000, 0x0000000090100000, 0x00000000d5580000)
  object space 263168K, 22% used [0x0000000080000000,0x000000008392e938,0x0000000090100000)
 Metaspace       used 95324K, capacity 101092K, committed 101144K, reserved 1136640K
  class space    used 12376K, capacity 13360K, committed 13360K, reserved 1048576K
}
Event: 1829.057 GC heap before
{Heap before GC invocations=24 (full 4):
 PSYoungGen      total 377344K, used 358426K [0x00000000d5580000, 0x00000000f3780000, 0x0000000100000000)
  eden space 335872K, 100% used [0x00000000d5580000,0x00000000e9d80000,0x00000000e9d80000)
  from space 41472K, 54% used [0x00000000e9d80000,0x00000000eb386b28,0x00000000ec600000)
  to   space 40448K, 0% used [0x00000000f1000000,0x00000000f1000000,0x00000000f3780000)
 ParOldGen       total 263168K, used 58554K [0x0000000080000000, 0x0000000090100000, 0x00000000d5580000)
  object space 263168K, 22% used [0x0000000080000000,0x000000008392e938,0x0000000090100000)
 Metaspace       used 96209K, capacity 102118K, committed 102296K, reserved 1138688K
  class space    used 12414K, capacity 13407K, committed 13488K, reserved 1048576K
Event: 1829.075 GC heap after
Heap after GC invocations=24 (full 4):
 PSYoungGen      total 433664K, used 12767K [0x00000000d5580000, 0x00000000f2d80000, 0x0000000100000000)
  eden space 403456K, 0% used [0x00000000d5580000,0x00000000d5580000,0x00000000edf80000)
  from space 30208K, 42% used [0x00000000f1000000,0x00000000f1c77d20,0x00000000f2d80000)
  to   space 39936K, 0% used [0x00000000edf80000,0x00000000edf80000,0x00000000f0680000)
 ParOldGen       total 263168K, used 58562K [0x0000000080000000, 0x0000000090100000, 0x00000000d5580000)
  object space 263168K, 22% used [0x0000000080000000,0x0000000083930938,0x0000000090100000)
 Metaspace       used 96209K, capacity 102118K, committed 102296K, reserved 1138688K
  class space    used 12414K, capacity 13407K, committed 13488K, reserved 1048576K
}
Event: 2129.431 GC heap before
{Heap before GC invocations=25 (full 4):
 PSYoungGen      total 433664K, used 416223K [0x00000000d5580000, 0x00000000f2d80000, 0x0000000100000000)
  eden space 403456K, 100% used [0x00000000d5580000,0x00000000edf80000,0x00000000edf80000)
  from space 30208K, 42% used [0x00000000f1000000,0x00000000f1c77d20,0x00000000f2d80000)
  to   space 39936K, 0% used [0x00000000edf80000,0x00000000edf80000,0x00000000f0680000)
 ParOldGen       total 263168K, used 58562K [0x0000000080000000, 0x0000000090100000, 0x00000000d5580000)
  object space 263168K, 22% used [0x0000000080000000,0x0000000083930938,0x0000000090100000)
 Metaspace       used 96509K, capacity 102510K, committed 102552K, reserved 1138688K
  class space    used 12437K, capacity 13449K, committed 13488K, reserved 1048576K
Event: 2129.443 GC heap after
Heap after GC invocations=25 (full 4):
 PSYoungGen      total 443392K, used 7328K [0x00000000d5580000, 0x00000000f7000000, 0x0000000100000000)
  eden space 403456K, 0% used [0x00000000d5580000,0x00000000d5580000,0x00000000edf80000)
  from space 39936K, 18% used [0x00000000edf80000,0x00000000ee6a8030,0x00000000f0680000)
  to   space 39424K, 0% used [0x00000000f4980000,0x00000000f4980000,0x00000000f7000000)
 ParOldGen       total 263168K, used 59232K [0x0000000080000000, 0x0000000090100000, 0x00000000d5580000)
  object space 263168K, 22% used [0x0000000080000000,0x00000000839d8278,0x0000000090100000)
 Metaspace       used 96509K, capacity 102510K, committed 102552K, reserved 1138688K
  class space    used 12437K, capacity 13449K, committed 13488K, reserved 1048576K
}
Event: 2543.604 GC heap before
{Heap before GC invocations=26 (full 4):
 PSYoungGen      total 443392K, used 410784K [0x00000000d5580000, 0x00000000f7000000, 0x0000000100000000)
  eden space 403456K, 100% used [0x00000000d5580000,0x00000000edf80000,0x00000000edf80000)
  from space 39936K, 18% used [0x00000000edf80000,0x00000000ee6a8030,0x00000000f0680000)
  to   space 39424K, 0% used [0x00000000f4980000,0x00000000f4980000,0x00000000f7000000)
 ParOldGen       total 263168K, used 59232K [0x0000000080000000, 0x0000000090100000, 0x00000000d5580000)
  object space 263168K, 22% used [0x0000000080000000,0x00000000839d8278,0x0000000090100000)
 Metaspace       used 96722K, capacity 102738K, committed 102808K, reserved 1138688K
  class space    used 12440K, capacity 13453K, committed 13488K, reserved 1048576K
Event: 2543.635 GC heap after
Heap after GC invocations=26 (full 4):
 PSYoungGen      total 488448K, used 20965K [0x00000000d5580000, 0x00000000f6380000, 0x0000000100000000)
  eden space 461824K, 0% used [0x00000000d5580000,0x00000000d5580000,0x00000000f1880000)
  from space 26624K, 78% used [0x00000000f4980000,0x00000000f5df9548,0x00000000f6380000)
  to   space 38400K, 0% used [0x00000000f1880000,0x00000000f1880000,0x00000000f3e00000)
 ParOldGen       total 263168K, used 59240K [0x0000000080000000, 0x0000000090100000, 0x00000000d5580000)
  object space 263168K, 22% used [0x0000000080000000,0x00000000839da278,0x0000000090100000)
 Metaspace       used 96722K, capacity 102738K, committed 102808K, reserved 1138688K
  class space    used 12440K, capacity 13453K, committed 13488K, reserved 1048576K
}

